 
****************************************
Report : qor
Design : vsdbabysoc
Version: T-2022.03-SP5-1
Date   : Wed Sep 27 17:43:33 2023
****************************************


  Timing Path Group 'clk'
  -----------------------------------
  Levels of Logic:              17.00
  Critical Path Length:          1.46
  Critical Path Slack:           0.00
  Critical Path Clk Period:      1.50
  Total Negative Slack:          0.00
  No. of Violating Paths:        0.00
  Worst Hold Violation:          0.00
  Total Hold Violation:          0.00
  No. of Hold Violations:        0.00
  -----------------------------------


  Cell Count
  -----------------------------------
  Hierarchical Cell Count:          1
  Hierarchical Port Count:         12
  Leaf Cell Count:               3271
  Buf/Inv Cell Count:             722
  Buf Cell Count:                  31
  Inv Cell Count:                 691
  CT Buf/Inv Cell Count:            0
  Combinational Cell Count:      2651
  Sequential Cell Count:          620
  Macro Count:                      0
  -----------------------------------


  Area
  -----------------------------------
  Combinational Area:    14147.318158
  Noncombinational Area: 12584.569241
  Buf/Inv Area:           2786.422318
  Total Buffer Area:           155.15
  Total Inverter Area:        2631.27
  Macro/Black Box Area:      0.000000
  Net Area:                  0.000000
  -----------------------------------
  Cell Area:             26731.887398
  Design Area:           26731.887398


  Design Rules
  -----------------------------------
  Total Number of Nets:          3291
  Nets With Violations:             0
  Max Trans Violations:             0
  Max Cap Violations:               0
  -----------------------------------


  Hostname: ssirlab03

  Compile CPU Statistics
  -----------------------------------------
  Resource Sharing:                    0.02
  Logic Optimization:                  8.59
  Mapping Optimization:               28.67
  -----------------------------------------
  Overall Compile Time:               45.97
  Overall Compile Wall Clock Time:    46.98

  --------------------------------------------------------------------

  Design  WNS: 0.00  TNS: 0.00  Number of Violating Paths: 0


  Design (Hold)  WNS: 0.00  TNS: 0.00  Number of Violating Paths: 0

  --------------------------------------------------------------------


1
